This file contains any messages produced by compilers while
running configure, to aid debugging if configure makes a mistake.

It was created by Haskell old-time package configure 1.0, which was
generated by GNU Autoconf 2.69.  Invocation command line was

  $ ./configure --with-compiler=ghcvm --prefix=/home/sibi/.cabalvm --bindir=/home/sibi/.cabalvm/bin --libdir=/home/sibi/.cabalvm/lib --libexecdir=/home/sibi/.cabalvm/libexec --datadir=/home/sibi/.cabalvm/share --sysconfdir=/home/sibi/.cabalvm/etc --with-gcc=/usr/bin/gcc

## --------- ##
## Platform. ##
## --------- ##

hostname = jane
uname -m = x86_64
uname -r = 4.4.0-42-generic
uname -s = Linux
uname -v = #62-Ubuntu SMP Fri Oct 7 23:11:45 UTC 2016

/usr/bin/uname -p = unknown
/bin/uname -X     = unknown

/bin/arch              = unknown
/usr/bin/arch -k       = unknown
/usr/convex/getsysinfo = unknown
/usr/bin/hostinfo      = unknown
/bin/machine           = unknown
/usr/bin/oslevel       = unknown
/bin/universe          = unknown

PATH: /home/sibi/bin
PATH: /home/sibi/.local/bin
PATH: /usr/local/sbin
PATH: /usr/local/bin
PATH: /usr/sbin
PATH: /usr/bin
PATH: /sbin
PATH: /bin
PATH: /usr/games
PATH: /usr/local/games
PATH: /snap/bin
PATH: /home/sibi/bin
PATH: /home/sibi/.cabal/bin
PATH: /home/sibi/Android/Sdk/platform-tools
PATH: /home/sibi/Android/Sdk/tools
PATH: /home/sibi/Downloads/jdk1.8.0_102/bin
PATH: /home/sibi/bin
PATH: /home/sibi/.cabal/bin
PATH: /home/sibi/Android/Sdk/platform-tools
PATH: /home/sibi/Android/Sdk/tools
PATH: /home/sibi/Downloads/jdk1.8.0_102/bin


## ----------- ##
## Core tests. ##
## ----------- ##

configure:2256: checking for gcc
configure:2272: found /usr/bin/gcc
configure:2283: result: gcc
configure:2512: checking for C compiler version
configure:2521: gcc --version >&5
gcc (Ubuntu 5.4.0-6ubuntu1~16.04.2) 5.4.0 20160609
Copyright (C) 2015 Free Software Foundation, Inc.
This is free software; see the source for copying conditions.  There is NO
warranty; not even for MERCHANTABILITY or FITNESS FOR A PARTICULAR PURPOSE.

configure:2532: $? = 0
configure:2521: gcc -v >&5
Using built-in specs.
COLLECT_GCC=gcc
COLLECT_LTO_WRAPPER=/usr/lib/gcc/x86_64-linux-gnu/5/lto-wrapper
Target: x86_64-linux-gnu
Configured with: ../src/configure -v --with-pkgversion='Ubuntu 5.4.0-6ubuntu1~16.04.2' --with-bugurl=file:///usr/share/doc/gcc-5/README.Bugs --enable-languages=c,ada,c++,java,go,d,fortran,objc,obj-c++ --prefix=/usr --program-suffix=-5 --enable-shared --enable-linker-build-id --libexecdir=/usr/lib --without-included-gettext --enable-threads=posix --libdir=/usr/lib --enable-nls --with-sysroot=/ --enable-clocale=gnu --enable-libstdcxx-debug --enable-libstdcxx-time=yes --with-default-libstdcxx-abi=new --enable-gnu-unique-object --disable-vtable-verify --enable-libmpx --enable-plugin --with-system-zlib --disable-browser-plugin --enable-java-awt=gtk --enable-gtk-cairo --with-java-home=/usr/lib/jvm/java-1.5.0-gcj-5-amd64/jre --enable-java-home --with-jvm-root-dir=/usr/lib/jvm/java-1.5.0-gcj-5-amd64 --with-jvm-jar-dir=/usr/lib/jvm-exports/java-1.5.0-gcj-5-amd64 --with-arch-directory=amd64 --with-ecj-jar=/usr/share/java/eclipse-ecj.jar --enable-objc-gc --enable-multiarch --disable-werror --with-arch-32=i686 --with-abi=m64 --with-multilib-list=m32,m64,mx32 --enable-multilib --with-tune=generic --enable-checking=release --build=x86_64-linux-gnu --host=x86_64-linux-gnu --target=x86_64-linux-gnu
Thread model: posix
gcc version 5.4.0 20160609 (Ubuntu 5.4.0-6ubuntu1~16.04.2) 
configure:2532: $? = 0
configure:2521: gcc -V >&5
gcc: error: unrecognized command line option '-V'
gcc: fatal error: no input files
compilation terminated.
configure:2532: $? = 1
configure:2521: gcc -qversion >&5
gcc: error: unrecognized command line option '-qversion'
gcc: fatal error: no input files
compilation terminated.
configure:2532: $? = 1
configure:2552: checking whether the C compiler works
configure:2574: gcc    conftest.c  >&5
configure:2578: $? = 0
configure:2626: result: yes
configure:2629: checking for C compiler default output file name
configure:2631: result: a.out
configure:2637: checking for suffix of executables
configure:2644: gcc -o conftest    conftest.c  >&5
configure:2648: $? = 0
configure:2670: result: 
configure:2692: checking whether we are cross compiling
configure:2700: gcc -o conftest    conftest.c  >&5
configure:2704: $? = 0
configure:2711: ./conftest
configure:2715: $? = 0
configure:2730: result: no
configure:2735: checking for suffix of object files
configure:2757: gcc -c   conftest.c >&5
configure:2761: $? = 0
configure:2782: result: o
configure:2786: checking whether we are using the GNU C compiler
configure:2805: gcc -c   conftest.c >&5
configure:2805: $? = 0
configure:2814: result: yes
configure:2823: checking whether gcc accepts -g
configure:2843: gcc -c -g  conftest.c >&5
configure:2843: $? = 0
configure:2884: result: yes
configure:2901: checking for gcc option to accept ISO C89
configure:2964: gcc  -c   conftest.c >&5
configure:2964: $? = 0
configure:2977: result: none needed
configure:3005: checking how to run the C preprocessor
configure:3036: gcc -E  conftest.c
configure:3036: $? = 0
configure:3050: gcc -E  conftest.c
conftest.c:9:28: fatal error: ac_nonexistent.h: No such file or directory
compilation terminated.
configure:3050: $? = 1
configure: failed program was:
| /* confdefs.h */
| #define PACKAGE_NAME "Haskell old-time package"
| #define PACKAGE_TARNAME "old-time"
| #define PACKAGE_VERSION "1.0"
| #define PACKAGE_STRING "Haskell old-time package 1.0"
| #define PACKAGE_BUGREPORT "libraries@haskell.org"
| #define PACKAGE_URL ""
| /* end confdefs.h.  */
| #include <ac_nonexistent.h>
configure:3075: result: gcc -E
configure:3095: gcc -E  conftest.c
configure:3095: $? = 0
configure:3109: gcc -E  conftest.c
conftest.c:9:28: fatal error: ac_nonexistent.h: No such file or directory
compilation terminated.
configure:3109: $? = 1
configure: failed program was:
| /* confdefs.h */
| #define PACKAGE_NAME "Haskell old-time package"
| #define PACKAGE_TARNAME "old-time"
| #define PACKAGE_VERSION "1.0"
| #define PACKAGE_STRING "Haskell old-time package 1.0"
| #define PACKAGE_BUGREPORT "libraries@haskell.org"
| #define PACKAGE_URL ""
| /* end confdefs.h.  */
| #include <ac_nonexistent.h>
configure:3138: checking for grep that handles long lines and -e
configure:3196: result: /bin/grep
configure:3201: checking for egrep
configure:3263: result: /bin/grep -E
configure:3268: checking for ANSI C header files
configure:3288: gcc -c   conftest.c >&5
configure:3288: $? = 0
configure:3361: gcc -o conftest    conftest.c  >&5
configure:3361: $? = 0
configure:3361: ./conftest
configure:3361: $? = 0
configure:3372: result: yes
configure:3385: checking for sys/types.h
configure:3385: gcc -c   conftest.c >&5
configure:3385: $? = 0
configure:3385: result: yes
configure:3385: checking for sys/stat.h
configure:3385: gcc -c   conftest.c >&5
configure:3385: $? = 0
configure:3385: result: yes
configure:3385: checking for stdlib.h
configure:3385: gcc -c   conftest.c >&5
configure:3385: $? = 0
configure:3385: result: yes
configure:3385: checking for string.h
configure:3385: gcc -c   conftest.c >&5
configure:3385: $? = 0
configure:3385: result: yes
configure:3385: checking for memory.h
configure:3385: gcc -c   conftest.c >&5
configure:3385: $? = 0
configure:3385: result: yes
configure:3385: checking for strings.h
configure:3385: gcc -c   conftest.c >&5
configure:3385: $? = 0
configure:3385: result: yes
configure:3385: checking for inttypes.h
configure:3385: gcc -c   conftest.c >&5
configure:3385: $? = 0
configure:3385: result: yes
configure:3385: checking for stdint.h
configure:3385: gcc -c   conftest.c >&5
configure:3385: $? = 0
configure:3385: result: yes
configure:3385: checking for unistd.h
configure:3385: gcc -c   conftest.c >&5
configure:3385: $? = 0
configure:3385: result: yes
configure:3400: checking sys/time.h usability
configure:3400: gcc -c   conftest.c >&5
configure:3400: $? = 0
configure:3400: result: yes
configure:3400: checking sys/time.h presence
configure:3400: gcc -E  conftest.c
configure:3400: $? = 0
configure:3400: result: yes
configure:3400: checking for sys/time.h
configure:3400: result: yes
configure:3400: checking sys/timeb.h usability
configure:3400: gcc -c   conftest.c >&5
configure:3400: $? = 0
configure:3400: result: yes
configure:3400: checking sys/timeb.h presence
configure:3400: gcc -E  conftest.c
configure:3400: $? = 0
configure:3400: result: yes
configure:3400: checking for sys/timeb.h
configure:3400: result: yes
configure:3400: checking time.h usability
configure:3400: gcc -c   conftest.c >&5
configure:3400: $? = 0
configure:3400: result: yes
configure:3400: checking time.h presence
configure:3400: gcc -E  conftest.c
configure:3400: $? = 0
configure:3400: result: yes
configure:3400: checking for time.h
configure:3400: result: yes
configure:3414: checking for ftime
configure:3414: gcc -o conftest    conftest.c  >&5
configure:3414: $? = 0
configure:3414: result: yes
configure:3414: checking for gmtime_r
configure:3414: gcc -o conftest    conftest.c  >&5
configure:3414: $? = 0
configure:3414: result: yes
configure:3414: checking for localtime_r
configure:3414: gcc -o conftest    conftest.c  >&5
configure:3414: $? = 0
configure:3414: result: yes
configure:3414: checking for gettimeofday
configure:3414: gcc -o conftest    conftest.c  >&5
configure:3414: $? = 0
configure:3414: result: yes
configure:3424: checking whether struct tm is in sys/time.h or time.h
configure:3444: gcc -c   conftest.c >&5
configure:3444: $? = 0
configure:3451: result: time.h
configure:3459: checking for struct tm.tm_zone
configure:3459: gcc -c   conftest.c >&5
configure:3459: $? = 0
configure:3459: result: yes
configure:3527: checking whether time.h and sys/time.h may both be included
configure:3547: gcc -c   conftest.c >&5
configure:3547: $? = 0
configure:3554: result: yes
configure:3564: checking for sys/time.h
configure:3564: result: yes
configure:3574: checking whether altzone is declared
configure:3574: gcc -c   conftest.c >&5
conftest.c: In function 'main':
conftest.c:48:10: error: 'altzone' undeclared (first use in this function)
   (void) altzone;
          ^
conftest.c:48:10: note: each undeclared identifier is reported only once for each function it appears in
configure:3574: $? = 1
configure: failed program was:
| /* confdefs.h */
| #define PACKAGE_NAME "Haskell old-time package"
| #define PACKAGE_TARNAME "old-time"
| #define PACKAGE_VERSION "1.0"
| #define PACKAGE_STRING "Haskell old-time package 1.0"
| #define PACKAGE_BUGREPORT "libraries@haskell.org"
| #define PACKAGE_URL ""
| #define STDC_HEADERS 1
| #define HAVE_SYS_TYPES_H 1
| #define HAVE_SYS_STAT_H 1
| #define HAVE_STDLIB_H 1
| #define HAVE_STRING_H 1
| #define HAVE_MEMORY_H 1
| #define HAVE_STRINGS_H 1
| #define HAVE_INTTYPES_H 1
| #define HAVE_STDINT_H 1
| #define HAVE_UNISTD_H 1
| #define HAVE_SYS_TIME_H 1
| #define HAVE_SYS_TIMEB_H 1
| #define HAVE_TIME_H 1
| #define HAVE_FTIME 1
| #define HAVE_GMTIME_R 1
| #define HAVE_LOCALTIME_R 1
| #define HAVE_GETTIMEOFDAY 1
| #define HAVE_STRUCT_TM_TM_ZONE 1
| #define HAVE_TM_ZONE 1
| #define TIME_WITH_SYS_TIME 1
| #define HAVE_SYS_TIME_H 1
| /* end confdefs.h.  */
| #if TIME_WITH_SYS_TIME
| # include <sys/time.h>
| # include <time.h>
| #else
| # if HAVE_SYS_TIME_H
| #  include <sys/time.h>
| # else
| #  include <time.h>
| # endif
| #endif
| 
| int
| main ()
| {
| #ifndef altzone
| #ifdef __cplusplus
|   (void) altzone;
| #else
|   (void) altzone;
| #endif
| #endif
| 
|   ;
|   return 0;
| }
configure:3574: result: no
configure:3711: creating ./config.status

## ---------------------- ##
## Running config.status. ##
## ---------------------- ##

This file was extended by Haskell old-time package config.status 1.0, which was
generated by GNU Autoconf 2.69.  Invocation command line was

  CONFIG_FILES    = 
  CONFIG_HEADERS  = 
  CONFIG_LINKS    = 
  CONFIG_COMMANDS = 
  $ ./config.status 

on jane

config.status:686: creating include/HsTimeConfig.h
config.status:776: include/HsTimeConfig.h is unchanged
configure:4610: WARNING: unrecognized options: --with-compiler, --with-gcc

## ---------------- ##
## Cache variables. ##
## ---------------- ##

ac_cv_c_compiler_gnu=yes
ac_cv_env_CC_set=
ac_cv_env_CC_value=
ac_cv_env_CFLAGS_set=set
ac_cv_env_CFLAGS_value=
ac_cv_env_CPPFLAGS_set=
ac_cv_env_CPPFLAGS_value=
ac_cv_env_CPP_set=
ac_cv_env_CPP_value=
ac_cv_env_LDFLAGS_set=
ac_cv_env_LDFLAGS_value=
ac_cv_env_LIBS_set=
ac_cv_env_LIBS_value=
ac_cv_env_build_alias_set=
ac_cv_env_build_alias_value=
ac_cv_env_host_alias_set=
ac_cv_env_host_alias_value=
ac_cv_env_target_alias_set=
ac_cv_env_target_alias_value=
ac_cv_func_ftime=yes
ac_cv_func_gettimeofday=yes
ac_cv_func_gmtime_r=yes
ac_cv_func_localtime_r=yes
ac_cv_have_decl_altzone=no
ac_cv_header_inttypes_h=yes
ac_cv_header_memory_h=yes
ac_cv_header_stdc=yes
ac_cv_header_stdint_h=yes
ac_cv_header_stdlib_h=yes
ac_cv_header_string_h=yes
ac_cv_header_strings_h=yes
ac_cv_header_sys_stat_h=yes
ac_cv_header_sys_time_h=yes
ac_cv_header_sys_timeb_h=yes
ac_cv_header_sys_types_h=yes
ac_cv_header_time=yes
ac_cv_header_time_h=yes
ac_cv_header_unistd_h=yes
ac_cv_member_struct_tm_tm_zone=yes
ac_cv_objext=o
ac_cv_path_EGREP='/bin/grep -E'
ac_cv_path_GREP=/bin/grep
ac_cv_prog_CPP='gcc -E'
ac_cv_prog_ac_ct_CC=gcc
ac_cv_prog_cc_c89=
ac_cv_prog_cc_g=yes
ac_cv_struct_tm=time.h

## ----------------- ##
## Output variables. ##
## ----------------- ##

CC='gcc'
CFLAGS=''
CPP='gcc -E'
CPPFLAGS=''
DEFS='-DHAVE_CONFIG_H'
ECHO_C=''
ECHO_N='-n'
ECHO_T=''
EGREP='/bin/grep -E'
EXEEXT=''
GREP='/bin/grep'
LDFLAGS=''
LIBOBJS=''
LIBS=''
LTLIBOBJS=''
OBJEXT='o'
PACKAGE_BUGREPORT='libraries@haskell.org'
PACKAGE_NAME='Haskell old-time package'
PACKAGE_STRING='Haskell old-time package 1.0'
PACKAGE_TARNAME='old-time'
PACKAGE_URL=''
PACKAGE_VERSION='1.0'
PATH_SEPARATOR=':'
SHELL='/bin/bash'
ac_ct_CC='gcc'
bindir='/home/sibi/.cabalvm/bin'
build_alias=''
datadir='/home/sibi/.cabalvm/share'
datarootdir='${prefix}/share'
docdir='${datarootdir}/doc/${PACKAGE_TARNAME}'
dvidir='${docdir}'
exec_prefix='${prefix}'
host_alias=''
htmldir='${docdir}'
includedir='${prefix}/include'
infodir='${datarootdir}/info'
libdir='/home/sibi/.cabalvm/lib'
libexecdir='/home/sibi/.cabalvm/libexec'
localedir='${datarootdir}/locale'
localstatedir='${prefix}/var'
mandir='${datarootdir}/man'
oldincludedir='/usr/include'
pdfdir='${docdir}'
prefix='/home/sibi/.cabalvm'
program_transform_name='s,x,x,'
psdir='${docdir}'
sbindir='${exec_prefix}/sbin'
sharedstatedir='${prefix}/com'
sysconfdir='/home/sibi/.cabalvm/etc'
target_alias=''

## ----------- ##
## confdefs.h. ##
## ----------- ##

/* confdefs.h */
#define PACKAGE_NAME "Haskell old-time package"
#define PACKAGE_TARNAME "old-time"
#define PACKAGE_VERSION "1.0"
#define PACKAGE_STRING "Haskell old-time package 1.0"
#define PACKAGE_BUGREPORT "libraries@haskell.org"
#define PACKAGE_URL ""
#define STDC_HEADERS 1
#define HAVE_SYS_TYPES_H 1
#define HAVE_SYS_STAT_H 1
#define HAVE_STDLIB_H 1
#define HAVE_STRING_H 1
#define HAVE_MEMORY_H 1
#define HAVE_STRINGS_H 1
#define HAVE_INTTYPES_H 1
#define HAVE_STDINT_H 1
#define HAVE_UNISTD_H 1
#define HAVE_SYS_TIME_H 1
#define HAVE_SYS_TIMEB_H 1
#define HAVE_TIME_H 1
#define HAVE_FTIME 1
#define HAVE_GMTIME_R 1
#define HAVE_LOCALTIME_R 1
#define HAVE_GETTIMEOFDAY 1
#define HAVE_STRUCT_TM_TM_ZONE 1
#define HAVE_TM_ZONE 1
#define TIME_WITH_SYS_TIME 1
#define HAVE_SYS_TIME_H 1
#define HAVE_DECL_ALTZONE 0

configure: exit 0
